{"uid":"929efd415970d158","name":"Creating a new block -- @1.1 ","fullName":"PeriOpPlanner: Creating a new block","historyId":"3bacc4ef0b4c2dfcb8aa763b176a25b1","time":{"start":1689273185917,"stop":1689273219596,"duration":33679},"status":"broken","statusMessage":"selenium.common.exceptions.NoSuchElementException: Message: no such element: Unable to locate element: {\"method\":\"css selector\",\"selector\":\"[id=\"confirmDropdownTrigger\"]\"}\n  (Session info: chrome=114.0.5735.199)\nStacktrace:\nBacktrace:\n\tGetHandleVerifier [0x008EA813+48355]\n\t(No symbol) [0x0087C4B1]\n\t(No symbol) [0x00785358]\n\t(No symbol) [0x007B09A5]\n\t(No symbol) [0x007B0B3B]\n\t(No symbol) [0x007DE232]\n\t(No symbol) [0x007CA784]\n\t(No symbol) [0x007DC922]\n\t(No symbol) [0x007CA536]\n\t(No symbol) [0x007A82DC]\n\t(No symbol) [0x007A93DD]\n\tGetHandleVerifier [0x00B4AABD+2539405]\n\tGetHandleVerifier [0x00B8A78F+2800735]\n\tGetHandleVerifier [0x00B8456C+2775612]\n\tGetHandleVerifier [0x009751E0+616112]\n\t(No symbol) [0x00885F8C]\n\t(No symbol) [0x00882328]\n\t(No symbol) [0x0088240B]\n\t(No symbol) [0x00874FF7]\n\tBaseThreadInitThunk [0x761800C9+25]\n\tRtlGetAppContainerNamedObjectPath [0x76EE7B1E+286]\n\tRtlGetAppContainerNamedObjectPath [0x76EE7AEE+238]\n\n","statusTrace":"  File \"C:\\Users\\rkapoor\\PycharmProjects\\behaveBDDBasics\\venv\\Lib\\site-packages\\behave\\model.py\", line 1329, in run\n    match.run(runner.context)\n  File \"C:\\Users\\rkapoor\\PycharmProjects\\behaveBDDBasics\\venv\\Lib\\site-packages\\behave\\matchers.py\", line 98, in run\n    self.func(context, *args, **kwargs)\n  File \"features\\steps\\periOplanner_steps.py\", line 106, in step_impl\n    dropdown = context.driver.find_element(by=By.ID,\n               ^^^^^^^^^^^^^^^^^^^^^^^^^^^^^^^^^^^^^\n  File \"C:\\Users\\rkapoor\\PycharmProjects\\behaveBDDBasics\\venv\\Lib\\site-packages\\selenium\\webdriver\\remote\\webdriver.py\", line 831, in find_element\n    return self.execute(Command.FIND_ELEMENT, {\"using\": by, \"value\": value})[\"value\"]\n           ^^^^^^^^^^^^^^^^^^^^^^^^^^^^^^^^^^^^^^^^^^^^^^^^^^^^^^^^^^^^^^^^^\n  File \"C:\\Users\\rkapoor\\PycharmProjects\\behaveBDDBasics\\venv\\Lib\\site-packages\\selenium\\webdriver\\remote\\webdriver.py\", line 440, in execute\n    self.error_handler.check_response(response)\n  File \"C:\\Users\\rkapoor\\PycharmProjects\\behaveBDDBasics\\venv\\Lib\\site-packages\\selenium\\webdriver\\remote\\errorhandler.py\", line 245, in check_response\n    raise exception_class(message, screen, stacktrace)\n","flaky":false,"newFailed":false,"newBroken":true,"newPassed":false,"retriesCount":2,"retriesStatusChange":true,"beforeStages":[],"testStage":{"status":"broken","statusMessage":"selenium.common.exceptions.NoSuchElementException: Message: no such element: Unable to locate element: {\"method\":\"css selector\",\"selector\":\"[id=\"confirmDropdownTrigger\"]\"}\n  (Session info: chrome=114.0.5735.199)\nStacktrace:\nBacktrace:\n\tGetHandleVerifier [0x008EA813+48355]\n\t(No symbol) [0x0087C4B1]\n\t(No symbol) [0x00785358]\n\t(No symbol) [0x007B09A5]\n\t(No symbol) [0x007B0B3B]\n\t(No symbol) [0x007DE232]\n\t(No symbol) [0x007CA784]\n\t(No symbol) [0x007DC922]\n\t(No symbol) [0x007CA536]\n\t(No symbol) [0x007A82DC]\n\t(No symbol) [0x007A93DD]\n\tGetHandleVerifier [0x00B4AABD+2539405]\n\tGetHandleVerifier [0x00B8A78F+2800735]\n\tGetHandleVerifier [0x00B8456C+2775612]\n\tGetHandleVerifier [0x009751E0+616112]\n\t(No symbol) [0x00885F8C]\n\t(No symbol) [0x00882328]\n\t(No symbol) [0x0088240B]\n\t(No symbol) [0x00874FF7]\n\tBaseThreadInitThunk [0x761800C9+25]\n\tRtlGetAppContainerNamedObjectPath [0x76EE7B1E+286]\n\tRtlGetAppContainerNamedObjectPath [0x76EE7AEE+238]\n\n","statusTrace":"  File \"C:\\Users\\rkapoor\\PycharmProjects\\behaveBDDBasics\\venv\\Lib\\site-packages\\behave\\model.py\", line 1329, in run\n    match.run(runner.context)\n  File \"C:\\Users\\rkapoor\\PycharmProjects\\behaveBDDBasics\\venv\\Lib\\site-packages\\behave\\matchers.py\", line 98, in run\n    self.func(context, *args, **kwargs)\n  File \"features\\steps\\periOplanner_steps.py\", line 106, in step_impl\n    dropdown = context.driver.find_element(by=By.ID,\n               ^^^^^^^^^^^^^^^^^^^^^^^^^^^^^^^^^^^^^\n  File \"C:\\Users\\rkapoor\\PycharmProjects\\behaveBDDBasics\\venv\\Lib\\site-packages\\selenium\\webdriver\\remote\\webdriver.py\", line 831, in find_element\n    return self.execute(Command.FIND_ELEMENT, {\"using\": by, \"value\": value})[\"value\"]\n           ^^^^^^^^^^^^^^^^^^^^^^^^^^^^^^^^^^^^^^^^^^^^^^^^^^^^^^^^^^^^^^^^^\n  File \"C:\\Users\\rkapoor\\PycharmProjects\\behaveBDDBasics\\venv\\Lib\\site-packages\\selenium\\webdriver\\remote\\webdriver.py\", line 440, in execute\n    self.error_handler.check_response(response)\n  File \"C:\\Users\\rkapoor\\PycharmProjects\\behaveBDDBasics\\venv\\Lib\\site-packages\\selenium\\webdriver\\remote\\errorhandler.py\", line 245, in check_response\n    raise exception_class(message, screen, stacktrace)\n","steps":[{"name":"Given I am on the QA01 test site","time":{"start":1689273187766,"stop":1689273188338,"duration":572},"status":"passed","steps":[],"attachments":[{"uid":"b3d97696ccc17094","name":"screenshot","source":"b3d97696ccc17094.png","type":"image/png","size":20969}],"parameters":[],"shouldDisplayMessage":false,"attachmentsCount":1,"stepsCount":0,"hasContent":true},{"name":"When I click the link for the PerOpPlanner","time":{"start":1689273188338,"stop":1689273190550,"duration":2212},"status":"passed","steps":[],"attachments":[{"uid":"7b9d9dd63556864e","name":"screenshot","source":"7b9d9dd63556864e.png","type":"image/png","size":10490}],"parameters":[],"shouldDisplayMessage":false,"attachmentsCount":1,"stepsCount":0,"hasContent":true},{"name":"Then I enter the userid and password","time":{"start":1689273190551,"stop":1689273190997,"duration":446},"status":"passed","steps":[],"attachments":[{"uid":"c778ebe071b35481","name":"screenshot","source":"c778ebe071b35481.png","type":"image/png","size":88197}],"parameters":[],"shouldDisplayMessage":false,"attachmentsCount":1,"stepsCount":0,"hasContent":true},{"name":"And I click the login button","time":{"start":1689273190997,"stop":1689273191268,"duration":271},"status":"passed","steps":[],"attachments":[{"uid":"84e6873c3840acdc","name":"screenshot","source":"84e6873c3840acdc.png","type":"image/png","size":87738}],"parameters":[],"shouldDisplayMessage":false,"attachmentsCount":1,"stepsCount":0,"hasContent":true},{"name":"Then I am on the periOpPlanner page","time":{"start":1689273191269,"stop":1689273191455,"duration":186},"status":"passed","steps":[],"attachments":[{"uid":"bbebb5b2434fbe29","name":"screenshot","source":"bbebb5b2434fbe29.png","type":"image/png","size":87738}],"parameters":[],"shouldDisplayMessage":false,"attachmentsCount":1,"stepsCount":0,"hasContent":true},{"name":"And I click the menudropdown button","time":{"start":1689273191455,"stop":1689273196286,"duration":4831},"status":"passed","steps":[],"attachments":[{"uid":"8565e592e95da552","name":"screenshot","source":"8565e592e95da552.png","type":"image/png","size":71351}],"parameters":[],"shouldDisplayMessage":false,"attachmentsCount":1,"stepsCount":0,"hasContent":true},{"name":"And I select the block option","time":{"start":1689273196286,"stop":1689273196638,"duration":352},"status":"passed","steps":[],"attachments":[{"uid":"5d0256b32903ea2f","name":"screenshot","source":"5d0256b32903ea2f.png","type":"image/png","size":71351}],"parameters":[],"shouldDisplayMessage":false,"attachmentsCount":1,"stepsCount":0,"hasContent":true},{"name":"And I click the create button","time":{"start":1689273196638,"stop":1689273197249,"duration":611},"status":"passed","steps":[],"attachments":[{"uid":"5cb37d109cedd693","name":"screenshot","source":"5cb37d109cedd693.png","type":"image/png","size":64519}],"parameters":[],"shouldDisplayMessage":false,"attachmentsCount":1,"stepsCount":0,"hasContent":true},{"name":"And I select the Start Time as \"13:00\"","time":{"start":1689273197249,"stop":1689273197734,"duration":485},"status":"passed","steps":[],"attachments":[{"uid":"ba48c2e38411f32c","name":"screenshot","source":"ba48c2e38411f32c.png","type":"image/png","size":69302}],"parameters":[],"shouldDisplayMessage":false,"attachmentsCount":1,"stepsCount":0,"hasContent":true},{"name":"And I select the End Time as \"16:00\"","time":{"start":1689273197735,"stop":1689273198154,"duration":419},"status":"passed","steps":[],"attachments":[{"uid":"dacb39d956b092ef","name":"screenshot","source":"dacb39d956b092ef.png","type":"image/png","size":69276}],"parameters":[],"shouldDisplayMessage":false,"attachmentsCount":1,"stepsCount":0,"hasContent":true},{"name":"And I select the Room as \"OR3\"","time":{"start":1689273198154,"stop":1689273198532,"duration":378},"status":"passed","steps":[],"attachments":[{"uid":"1f65508cd28cacbf","name":"screenshot","source":"1f65508cd28cacbf.png","type":"image/png","size":64773}],"parameters":[],"shouldDisplayMessage":false,"attachmentsCount":1,"stepsCount":0,"hasContent":true},{"name":"And I select the Block Group as \"General Surgery\"","time":{"start":1689273198532,"stop":1689273198849,"duration":317},"status":"passed","steps":[],"attachments":[{"uid":"60eecd4fbda8f224","name":"screenshot","source":"60eecd4fbda8f224.png","type":"image/png","size":64650}],"parameters":[],"shouldDisplayMessage":false,"attachmentsCount":1,"stepsCount":0,"hasContent":true},{"name":"And I click on the save button","time":{"start":1689273198849,"stop":1689273199163,"duration":314},"status":"passed","steps":[],"attachments":[{"uid":"2442fefdfa30a558","name":"screenshot","source":"2442fefdfa30a558.png","type":"image/png","size":65499}],"parameters":[],"shouldDisplayMessage":false,"attachmentsCount":1,"stepsCount":0,"hasContent":true},{"name":"Then I am on the ReasonSelector screen","time":{"start":1689273199164,"stop":1689273199364,"duration":200},"status":"passed","steps":[],"attachments":[{"uid":"a5a42c30e6530670","name":"screenshot","source":"a5a42c30e6530670.png","type":"image/png","size":65499}],"parameters":[],"shouldDisplayMessage":false,"attachmentsCount":1,"stepsCount":0,"hasContent":true},{"name":"And I select any reason","time":{"start":1689273199365,"stop":1689273219594,"duration":20229},"status":"broken","statusMessage":"selenium.common.exceptions.NoSuchElementException: Message: no such element: Unable to locate element: {\"method\":\"css selector\",\"selector\":\"[id=\"confirmDropdownTrigger\"]\"}\n  (Session info: chrome=114.0.5735.199)\nStacktrace:\nBacktrace:\n\tGetHandleVerifier [0x008EA813+48355]\n\t(No symbol) [0x0087C4B1]\n\t(No symbol) [0x00785358]\n\t(No symbol) [0x007B09A5]\n\t(No symbol) [0x007B0B3B]\n\t(No symbol) [0x007DE232]\n\t(No symbol) [0x007CA784]\n\t(No symbol) [0x007DC922]\n\t(No symbol) [0x007CA536]\n\t(No symbol) [0x007A82DC]\n\t(No symbol) [0x007A93DD]\n\tGetHandleVerifier [0x00B4AABD+2539405]\n\tGetHandleVerifier [0x00B8A78F+2800735]\n\tGetHandleVerifier [0x00B8456C+2775612]\n\tGetHandleVerifier [0x009751E0+616112]\n\t(No symbol) [0x00885F8C]\n\t(No symbol) [0x00882328]\n\t(No symbol) [0x0088240B]\n\t(No symbol) [0x00874FF7]\n\tBaseThreadInitThunk [0x761800C9+25]\n\tRtlGetAppContainerNamedObjectPath [0x76EE7B1E+286]\n\tRtlGetAppContainerNamedObjectPath [0x76EE7AEE+238]\n\n","statusTrace":"  File \"C:\\Users\\rkapoor\\PycharmProjects\\behaveBDDBasics\\venv\\Lib\\site-packages\\behave\\model.py\", line 1329, in run\n    match.run(runner.context)\n  File \"C:\\Users\\rkapoor\\PycharmProjects\\behaveBDDBasics\\venv\\Lib\\site-packages\\behave\\matchers.py\", line 98, in run\n    self.func(context, *args, **kwargs)\n  File \"features\\steps\\periOplanner_steps.py\", line 106, in step_impl\n    dropdown = context.driver.find_element(by=By.ID,\n               ^^^^^^^^^^^^^^^^^^^^^^^^^^^^^^^^^^^^^\n  File \"C:\\Users\\rkapoor\\PycharmProjects\\behaveBDDBasics\\venv\\Lib\\site-packages\\selenium\\webdriver\\remote\\webdriver.py\", line 831, in find_element\n    return self.execute(Command.FIND_ELEMENT, {\"using\": by, \"value\": value})[\"value\"]\n           ^^^^^^^^^^^^^^^^^^^^^^^^^^^^^^^^^^^^^^^^^^^^^^^^^^^^^^^^^^^^^^^^^\n  File \"C:\\Users\\rkapoor\\PycharmProjects\\behaveBDDBasics\\venv\\Lib\\site-packages\\selenium\\webdriver\\remote\\webdriver.py\", line 440, in execute\n    self.error_handler.check_response(response)\n  File \"C:\\Users\\rkapoor\\PycharmProjects\\behaveBDDBasics\\venv\\Lib\\site-packages\\selenium\\webdriver\\remote\\errorhandler.py\", line 245, in check_response\n    raise exception_class(message, screen, stacktrace)\n","steps":[],"attachments":[{"uid":"723243eb8bf5cc6a","name":"screenshot","source":"723243eb8bf5cc6a.png","type":"image/png","size":65499}],"parameters":[],"shouldDisplayMessage":true,"attachmentsCount":1,"stepsCount":0,"hasContent":true},{"name":"And I click on the confirm button","time":{"start":1689273219596,"stop":1689273219596,"duration":0},"status":"skipped","steps":[],"attachments":[],"parameters":[],"shouldDisplayMessage":false,"attachmentsCount":0,"stepsCount":0,"hasContent":false}],"attachments":[],"parameters":[],"shouldDisplayMessage":false,"attachmentsCount":15,"stepsCount":16,"hasContent":true},"afterStages":[],"labels":[{"name":"severity","value":"normal"},{"name":"feature","value":"PeriOpPlanner"},{"name":"framework","value":"behave"},{"name":"language","value":"cpython3"},{"name":"resultFormat","value":"allure2"}],"parameters":[{"name":"Block Group","value":"General Surgery"},{"name":"End Time","value":"16:00"},{"name":"Room","value":"OR3"},{"name":"Start Time","value":"13:00"}],"links":[],"hidden":false,"retry":false,"extra":{"severity":"normal","retries":[{"uid":"880545c6f7f9bf63","status":"passed","time":{"start":1689273091332,"stop":1689273111135,"duration":19803}},{"uid":"4ce8ab7162c49c4d","status":"passed","time":{"start":1689096443638,"stop":1689096456682,"duration":13044}}],"categories":[{"name":"Test defects","matchedStatuses":[],"flaky":false}],"history":{"statistic":{"failed":0,"broken":2,"skipped":0,"passed":2,"unknown":0,"total":4},"items":[{"uid":"5cbcd47919015f73","reportUrl":"http://localhost:8080/job/BehaveBDDBasics/19/allure/#testresult/5cbcd47919015f73","status":"passed","time":{"start":1689273091332,"stop":1689273111135,"duration":19803}},{"uid":"cf32fc22a7f43772","reportUrl":"http://localhost:8080/job/BehaveBDDBasics/18/allure/#testresult/cf32fc22a7f43772","status":"passed","time":{"start":1689096443638,"stop":1689096456682,"duration":13044}},{"uid":"c7f9105abcc5f79b","reportUrl":"http://localhost:8080/job/BehaveBDDBasics/17/allure/#testresult/c7f9105abcc5f79b","status":"broken","statusDetails":"selenium.common.exceptions.NoSuchElementException: Message: no such element: Unable to locate element: {\"method\":\"css selector\",\"selector\":\"[id=\"confirmDropdownTrigger\"]\"}\n  (Session info: chrome=114.0.5735.199)\nStacktrace:\nBacktrace:\n\tGetHandleVerifier [0x007FA813+48355]\n\t(No symbol) [0x0078C4B1]\n\t(No symbol) [0x00695358]\n\t(No symbol) [0x006C09A5]\n\t(No symbol) [0x006C0B3B]\n\t(No symbol) [0x006EE232]\n\t(No symbol) [0x006DA784]\n\t(No symbol) [0x006EC922]\n\t(No symbol) [0x006DA536]\n\t(No symbol) [0x006B82DC]\n\t(No symbol) [0x006B93DD]\n\tGetHandleVerifier [0x00A5AABD+2539405]\n\tGetHandleVerifier [0x00A9A78F+2800735]\n\tGetHandleVerifier [0x00A9456C+2775612]\n\tGetHandleVerifier [0x008851E0+616112]\n\t(No symbol) [0x00795F8C]\n\t(No symbol) [0x00792328]\n\t(No symbol) [0x0079240B]\n\t(No symbol) [0x00784FF7]\n\tBaseThreadInitThunk [0x759400C9+25]\n\tRtlGetAppContainerNamedObjectPath [0x77277B4E+286]\n\tRtlGetAppContainerNamedObjectPath [0x77277B1E+238]\n\n","time":{"start":1689095760106,"stop":1689095790447,"duration":30341}}]},"tags":[]},"source":"929efd415970d158.json","parameterValues":["General Surgery","16:00","OR3","13:00"]}